<?xml version="1.0" encoding="UTF-8"?>
<!-- Generated by org.testng.reporters.JUnitXMLReporter -->
<testsuite ignored="0" hostname="LAPTOP-GV7H8U1F" failures="0" tests="5" name="Regression2" time="0.1" errors="0" timestamp="2021-10-04T16:46:47 IST">
  <testcase classname="testng.GoogleLinkTest" name="@BeforeSuite about" time="0.02">
    <failure type="java.lang.NullPointerException" message="Cannot invoke &amp;quot;org.openqa.selenium.WebDriver.findElement(org.openqa.selenium.By)&amp;quot; because &amp;quot;this.driver&amp;quot; is null">
      <![CDATA[java.lang.NullPointerException: Cannot invoke "org.openqa.selenium.WebDriver.findElement(org.openqa.selenium.By)" because "this.driver" is null
at testng.GoogleLinkTest.about(GoogleLinkTest.java:46)
... Removed 19 stack frames]]>
    </failure>
  </testcase> <!-- @BeforeSuite about -->
  <testcase classname="testng.RediffTest" name="@BeforeClass beforeClass" time="-1.63334620695E9">
    <skipped/>
  </testcase> <!-- @BeforeClass beforeClass -->
  <testcase classname="testng.RediffTest" name="@AfterClass afterClass" time="-1.633346206989E9">
    <skipped/>
  </testcase> <!-- @AfterClass afterClass -->
  <testcase classname="testng.RediffTest" name="@AfterClass afterMethod" time="-1.633346206992E9">
    <skipped/>
  </testcase> <!-- @AfterClass afterMethod -->
  <testcase classname="testng.GoogleLinkTest" name="@BeforeClass beforeClass" time="-1.633346206994E9">
    <skipped/>
  </testcase> <!-- @BeforeClass beforeClass -->
  <testcase classname="testng.GoogleLinkTest" name="@AfterMethod afterMethod" time="-1.633346207E9">
    <skipped/>
  </testcase> <!-- @AfterMethod afterMethod -->
  <testcase classname="testng.GoogleLinkTest" name="@AfterMethod afterMethod" time="-1.633346207005E9">
    <skipped/>
  </testcase> <!-- @AfterMethod afterMethod -->
  <testcase classname="testng.GoogleLinkTest" name="@AfterMethod afterMethod" time="-1.633346207014E9">
    <skipped/>
  </testcase> <!-- @AfterMethod afterMethod -->
  <testcase classname="testng.GoogleLinkTest" name="@AfterClass afterClass" time="-1.633346207015E9">
    <skipped/>
  </testcase> <!-- @AfterClass afterClass -->
  <testcase classname="testng.RediffTest" name="invalidlogin" time="0.0">
    <skipped/>
  </testcase> <!-- invalidlogin -->
  <testcase classname="testng.RediffTest" name="validlogin" time="0.0">
    <skipped/>
  </testcase> <!-- validlogin -->
  <testcase classname="testng.GoogleLinkTest" name="imageSearch" time="0.0">
    <skipped/>
  </testcase> <!-- imageSearch -->
  <testcase classname="testng.GoogleLinkTest" name="advertising" time="0.0">
    <skipped/>
  </testcase> <!-- advertising -->
  <testcase classname="testng.GoogleLinkTest" name="about" time="0.0">
    <skipped/>
  </testcase> <!-- about -->
</testsuite> <!-- Regression2 -->
